This is pdfTeX, Version 3.1415926-2.3-1.40.12 (MiKTeX 2.9) (preloaded format=pdflatex 2020.2.5)  16 APR 2020 16:51
entering extended mode
**NNLR_IEEE_Access.tex

("F:\2020ÂØíÂÅá\NNLR\6. IEEEAccess\6. IEEEAccess\IEEEAccess\NNLR_IEEE_Access.te
x"
LaTeX2e <2011/06/27>
Babel <v3.8m> and hyphenation patterns for loaded.
("F:\2020ÂØíÂÅá\NNLR\6. IEEEAccess\6. IEEEAccess\IEEEAccess\ieeeaccess.cls"
("F:\2020ÂØíÂÅá\NNLR\6. IEEEAccess\6. IEEEAccess\IEEEAccess\ieeetran.cls"

LaTeX Warning: You have requested document class `ieeetran',
               but the document class provides `IEEEtran'.

Document Class: IEEEtran 2014/09/17 V1.8a by Michael Shell
-- See the "IEEEtran_HOWTO" manual for usage information.
-- http://www.michaelshell.org/tex/ieeetran/
\@IEEEtrantmpdimenA=\dimen102
\@IEEEtrantmpdimenB=\dimen103
\@IEEEtrantmpdimenC=\dimen104
\@IEEEtrantmpcountA=\count79
\@IEEEtrantmpcountB=\count80
\@IEEEtrantmpcountC=\count81
\@IEEEtrantmptoksA=\toks14
LaTeX Font Info:    Try loading font information for OT1+ptm on input line 458.

(D:\common\CTEX\MiKTeX\tex\latex\psnfss\ot1ptm.fd
File: ot1ptm.fd 2001/06/04 font definitions for OT1/ptm.
)
-- Using 8.5in x 11in (letter) paper.
-- Using PDF output.
\@IEEEnormalsizeunitybaselineskip=\dimen105
-- This is a 10 point document.
\CLASSINFOnormalsizebaselineskip=\dimen106
\CLASSINFOnormalsizeunitybaselineskip=\dimen107
\IEEEnormaljot=\dimen108
LaTeX Font Info:    Font shape `OT1/ptm/bx/n' in size <5> not available
(Font)              Font shape `OT1/ptm/b/n' tried instead on input line 1039.
LaTeX Font Info:    Font shape `OT1/ptm/bx/it' in size <5> not available
(Font)              Font shape `OT1/ptm/b/it' tried instead on input line 1039.

LaTeX Font Info:    Font shape `OT1/ptm/bx/n' in size <7> not available
(Font)              Font shape `OT1/ptm/b/n' tried instead on input line 1039.
LaTeX Font Info:    Font shape `OT1/ptm/bx/it' in size <7> not available
(Font)              Font shape `OT1/ptm/b/it' tried instead on input line 1039.

LaTeX Font Info:    Font shape `OT1/ptm/bx/n' in size <8> not available
(Font)              Font shape `OT1/ptm/b/n' tried instead on input line 1039.
LaTeX Font Info:    Font shape `OT1/ptm/bx/it' in size <8> not available
(Font)              Font shape `OT1/ptm/b/it' tried instead on input line 1039.

LaTeX Font Info:    Font shape `OT1/ptm/bx/n' in size <9> not available
(Font)              Font shape `OT1/ptm/b/n' tried instead on input line 1039.
LaTeX Font Info:    Font shape `OT1/ptm/bx/it' in size <9> not available
(Font)              Font shape `OT1/ptm/b/it' tried instead on input line 1039.

LaTeX Font Info:    Font shape `OT1/ptm/bx/n' in size <10> not available
(Font)              Font shape `OT1/ptm/b/n' tried instead on input line 1039.
LaTeX Font Info:    Font shape `OT1/ptm/bx/it' in size <10> not available
(Font)              Font shape `OT1/ptm/b/it' tried instead on input line 1039.

LaTeX Font Info:    Font shape `OT1/ptm/bx/n' in size <11> not available
(Font)              Font shape `OT1/ptm/b/n' tried instead on input line 1039.
LaTeX Font Info:    Font shape `OT1/ptm/bx/it' in size <11> not available
(Font)              Font shape `OT1/ptm/b/it' tried instead on input line 1039.

LaTeX Font Info:    Font shape `OT1/ptm/bx/n' in size <12> not available
(Font)              Font shape `OT1/ptm/b/n' tried instead on input line 1039.
LaTeX Font Info:    Font shape `OT1/ptm/bx/it' in size <12> not available
(Font)              Font shape `OT1/ptm/b/it' tried instead on input line 1039.

LaTeX Font Info:    Font shape `OT1/ptm/bx/n' in size <17> not available
(Font)              Font shape `OT1/ptm/b/n' tried instead on input line 1039.
LaTeX Font Info:    Font shape `OT1/ptm/bx/it' in size <17> not available
(Font)              Font shape `OT1/ptm/b/it' tried instead on input line 1039.

LaTeX Font Info:    Font shape `OT1/ptm/bx/n' in size <20> not available
(Font)              Font shape `OT1/ptm/b/n' tried instead on input line 1039.
LaTeX Font Info:    Font shape `OT1/ptm/bx/it' in size <20> not available
(Font)              Font shape `OT1/ptm/b/it' tried instead on input line 1039.

LaTeX Font Info:    Font shape `OT1/ptm/bx/n' in size <24> not available
(Font)              Font shape `OT1/ptm/b/n' tried instead on input line 1039.
LaTeX Font Info:    Font shape `OT1/ptm/bx/it' in size <24> not available
(Font)              Font shape `OT1/ptm/b/it' tried instead on input line 1039.

\IEEEquantizedlength=\dimen109
\IEEEquantizedlengthdiff=\dimen110
\IEEEquantizedtextheightdiff=\dimen111
\IEEEilabelindentA=\dimen112
\IEEEilabelindentB=\dimen113
\IEEEilabelindent=\dimen114
\IEEEelabelindent=\dimen115
\IEEEdlabelindent=\dimen116
\IEEElabelindent=\dimen117
\IEEEiednormlabelsep=\dimen118
\IEEEiedmathlabelsep=\dimen119
\IEEEiedtopsep=\skip41
\c@section=\count82
\c@subsection=\count83
\c@subsubsection=\count84
\c@paragraph=\count85
\c@IEEEsubequation=\count86
\abovecaptionskip=\skip42
\belowcaptionskip=\skip43
\c@figure=\count87
\c@table=\count88
\@IEEEeqnnumcols=\count89
\@IEEEeqncolcnt=\count90
\@IEEEsubeqnnumrollback=\count91
\@IEEEquantizeheightA=\dimen120
\@IEEEquantizeheightB=\dimen121
\@IEEEquantizeheightC=\dimen122
\@IEEEquantizeprevdepth=\dimen123
\@IEEEquantizemultiple=\count92
\@IEEEquantizeboxA=\box26
\@IEEEtmpitemindent=\dimen124
\c@IEEEbiography=\count93
\@IEEEtranrubishbin=\box27
) (D:\common\CTEX\MiKTeX\tex\generic\oberdiek\ifpdf.sty
Package: ifpdf 2011/01/30 v2.3 Provides the ifpdf switch (HO)
Package ifpdf Info: pdfTeX in PDF mode is detected.
)
(D:\common\CTEX\MiKTeX\tex\latex\xkeyval\xkeyval.sty
Package: xkeyval 2008/08/13 v2.6a package option processing (HA)

(D:\common\CTEX\MiKTeX\tex\generic\xkeyval\xkeyval.tex
\XKV@toks=\toks15
\XKV@tempa@toks=\toks16
\XKV@depth=\count94
File: xkeyval.tex 2008/08/13 v2.6a key=value parser (HA)

(D:\common\CTEX\MiKTeX\tex\generic\xkeyval\keyval.tex))){D:/common/CTEX/UserDat
a/pdftex/config/pdftex.map{Unicode.sfd}{UGBK.sfd}}

pdfTeX warning: pdflatex.exe (file t1-times.map): cannot open font map file


pdfTeX warning: pdflatex.exe (file t1-formata.map): cannot open font map file


pdfTeX warning: pdflatex.exe (file t1-giovannistd.map): cannot open font map fi
le
\@draftversionrule=\dimen125
(D:\common\CTEX\MiKTeX\tex\latex\graphics\color.sty
Package: color 2005/11/14 v1.0j Standard LaTeX Color (DPC)

(D:\common\CTEX\MiKTeX\tex\latex\00miktex\color.cfg
File: color.cfg 2007/01/18 v1.5 color configuration of teTeX/TeXLive
)
Package color Info: Driver file: pdftex.def on input line 130.

(D:\common\CTEX\MiKTeX\tex\latex\pdftex-def\pdftex.def
File: pdftex.def 2011/05/27 v0.06d Graphics/color for pdfTeX

(D:\common\CTEX\MiKTeX\tex\generic\oberdiek\infwarerr.sty
Package: infwarerr 2010/04/08 v1.3 Providing info/warning/message (HO)
)
(D:\common\CTEX\MiKTeX\tex\generic\oberdiek\ltxcmds.sty
Package: ltxcmds 2011/04/18 v1.20 LaTeX kernel commands for general use (HO)
)
\Gread@gobject=\count95
))
(D:\common\CTEX\MiKTeX\tex\latex\spotcolor\spotcolor.sty
Package: spotcolor 2006/11/15 v1.2 Package for adding Spot Color support to pdf
LaTeX.

(D:\common\CTEX\MiKTeX\tex\latex\graphics\graphics.sty
Package: graphics 2009/02/05 v1.0o Standard LaTeX Graphics (DPC,SPQR)

(D:\common\CTEX\MiKTeX\tex\latex\graphics\trig.sty
Package: trig 1999/03/16 v1.09 sin cos tan (DPC)
)
(D:\common\CTEX\MiKTeX\tex\latex\00miktex\graphics.cfg
File: graphics.cfg 2007/01/18 v1.5 graphics configuration of teTeX/TeXLive
)
Package graphics Info: Driver file: pdftex.def on input line 91.
)
\thecolorprofile=\count96
\thecolor=\count97
)
\PANTONE=\toks17
Package color Info: Redefining color black on input line 134.
\figbox=\box28
\titlewidth=\skip44
\abstractwidth=\skip45
\c@addrCtr=\count98
\abstractbox=\box29
\indexbox=\box30
\absht=\dimen126
\kwdht=\dimen127
\@tempcntc=\count99
\titlepgskip=\skip46
\maketitlebox=\box31
)
(D:\common\CTEX\MiKTeX\tex\latex\ams\math\amsmath.sty
Package: amsmath 2000/07/18 v2.13 AMS math features
\@mathmargin=\skip47

For additional information on amsmath, use the `?' option.
(D:\common\CTEX\MiKTeX\tex\latex\ams\math\amstext.sty
Package: amstext 2000/06/29 v2.01

(D:\common\CTEX\MiKTeX\tex\latex\ams\math\amsgen.sty
File: amsgen.sty 1999/11/30 v2.0
\@emptytoks=\toks18
\ex@=\dimen128
))
(D:\common\CTEX\MiKTeX\tex\latex\ams\math\amsbsy.sty
Package: amsbsy 1999/11/29 v1.2d
\pmbraise@=\dimen129
)
(D:\common\CTEX\MiKTeX\tex\latex\ams\math\amsopn.sty
Package: amsopn 1999/12/14 v2.01 operator names
)
\inf@bad=\count100
LaTeX Info: Redefining \frac on input line 211.
\uproot@=\count101
\leftroot@=\count102
LaTeX Info: Redefining \overline on input line 307.
\classnum@=\count103
\DOTSCASE@=\count104
LaTeX Info: Redefining \ldots on input line 379.
LaTeX Info: Redefining \dots on input line 382.
LaTeX Info: Redefining \cdots on input line 467.
\Mathstrutbox@=\box32
\strutbox@=\box33
\big@size=\dimen130
LaTeX Font Info:    Redeclaring font encoding OML on input line 567.
LaTeX Font Info:    Redeclaring font encoding OMS on input line 568.
\macc@depth=\count105
\c@MaxMatrixCols=\count106
\dotsspace@=\muskip10
\c@parentequation=\count107
\dspbrk@lvl=\count108
\tag@help=\toks19
\row@=\count109
\column@=\count110
\maxfields@=\count111
\andhelp@=\toks20
\eqnshift@=\dimen131
\alignsep@=\dimen132
\tagshift@=\dimen133
\tagwidth@=\dimen134
\totwidth@=\dimen135
\lineht@=\dimen136
\@envbody=\toks21
\multlinegap=\skip48
\multlinetaggap=\skip49
\mathdisplay@stack=\toks22
LaTeX Info: Redefining \[ on input line 2666.
LaTeX Info: Redefining \] on input line 2667.
)
(D:\common\CTEX\MiKTeX\tex\latex\tools\array.sty
Package: array 2008/09/09 v2.4c Tabular extension package (FMi)
\col@sep=\dimen137
\extrarowheight=\dimen138
\NC@list=\toks23
\extratabsurround=\skip50
\backup@length=\skip51
)
(D:\common\CTEX\MiKTeX\tex\latex\ulem\ulem.sty
\UL@box=\box34
\UL@hyphenbox=\box35
\UL@skip=\skip52
\UL@hook=\toks24
\UL@height=\dimen139
\UL@pe=\count112
\UL@pixel=\dimen140
\ULC@box=\box36
Package: ulem 2011/03/18
\ULdepth=\dimen141
)
(D:\common\CTEX\MiKTeX\tex\latex\tools\longtable.sty
Package: longtable 2004/02/01 v4.11 Multi-page Table package (DPC)
\LTleft=\skip53
\LTright=\skip54
\LTpre=\skip55
\LTpost=\skip56
\LTchunksize=\count113
\LTcapwidth=\dimen142
\LT@head=\box37
\LT@firsthead=\box38
\LT@foot=\box39
\LT@lastfoot=\box40
\LT@cols=\count114
\LT@rows=\count115
\c@LT@tables=\count116
\c@LT@chunks=\count117
\LT@p@ftn=\toks25
)
(D:\common\CTEX\MiKTeX\tex\latex\rotating\rotating.sty
Package: rotating 2009/03/28 v2.16a rotated objects in LaTeX

(D:\common\CTEX\MiKTeX\tex\latex\graphics\graphicx.sty
Package: graphicx 1999/02/16 v1.0f Enhanced LaTeX Graphics (DPC,SPQR)
\Gin@req@height=\dimen143
\Gin@req@width=\dimen144
)
(D:\common\CTEX\MiKTeX\tex\latex\base\ifthen.sty
Package: ifthen 2001/05/26 v1.1c Standard LaTeX ifthen package (DPC)
)
\c@r@tfl@t=\count118
\rotFPtop=\skip57
\rotFPbot=\skip58
\rot@float@box=\box41
\rot@mess@toks=\toks26
)
(D:\common\CTEX\MiKTeX\tex\latex\multirow\multirow.sty
\bigstrutjot=\dimen145
)
(D:\common\CTEX\MiKTeX\tex\latex\tools\bm.sty
Package: bm 2004/02/26 v1.1c Bold Symbol Support (DPC/FMi)
\symboldoperators=\mathgroup4
\symboldletters=\mathgroup5
\symboldsymbols=\mathgroup6
LaTeX Font Info:    Redeclaring math alphabet \mathbf on input line 138.
LaTeX Info: Redefining \bm on input line 204.
)
(D:\common\CTEX\MiKTeX\tex\latex\oberdiek\epstopdf.sty
Package: epstopdf 2010/02/09 v2.5 Conversion with epstopdf on the fly (HO)

(D:\common\CTEX\MiKTeX\tex\latex\oberdiek\epstopdf-base.sty
Package: epstopdf-base 2010/02/09 v2.5 Base part for package epstopdf

(D:\common\CTEX\MiKTeX\tex\latex\oberdiek\grfext.sty
Package: grfext 2010/08/19 v1.1 Managing graphics extensions (HO)

(D:\common\CTEX\MiKTeX\tex\generic\oberdiek\kvdefinekeys.sty
Package: kvdefinekeys 2011/04/07 v1.3 Defining keys (HO)
))
(D:\common\CTEX\MiKTeX\tex\latex\oberdiek\kvoptions.sty
Package: kvoptions 2010/12/23 v3.10 Keyval support for LaTeX options (HO)

(D:\common\CTEX\MiKTeX\tex\generic\oberdiek\kvsetkeys.sty
Package: kvsetkeys 2011/04/07 v1.13 Key value parser (HO)

(D:\common\CTEX\MiKTeX\tex\generic\oberdiek\etexcmds.sty
Package: etexcmds 2011/02/16 v1.5 Prefix for e-TeX command names (HO)

(D:\common\CTEX\MiKTeX\tex\generic\oberdiek\ifluatex.sty
Package: ifluatex 2010/03/01 v1.3 Provides the ifluatex switch (HO)
Package ifluatex Info: LuaTeX not detected.
)
Package etexcmds Info: Could not find \expanded.
(etexcmds)             That can mean that you are not using pdfTeX 1.50 or
(etexcmds)             that some package has redefined \expanded.
(etexcmds)             In the latter case, load this package earlier.
)))
(D:\common\CTEX\MiKTeX\tex\generic\oberdiek\pdftexcmds.sty
Package: pdftexcmds 2011/04/22 v0.16 Utilities of pdfTeX for LuaTeX (HO)
Package pdftexcmds Info: LuaTeX not detected.
Package pdftexcmds Info: \pdf@primitive is available.
Package pdftexcmds Info: \pdf@ifprimitive is available.
Package pdftexcmds Info: \pdfdraftmode found.
)
Package grfext Info: Graphics extension search list:
(grfext)             [.png,.pdf,.jpg,.mps,.jpeg,.jbig2,.jb2,.PNG,.PDF,.JPG,.JPE
G,.JBIG2,.JB2,.eps]
(grfext)             \AppendGraphicsExtensions on input line 452.
))
(D:\common\CTEX\MiKTeX\tex\latex\float\float.sty
Package: float 2001/11/08 v1.3d Float enhancements (AL)
\c@float@type=\count119
\float@exts=\toks27
\float@box=\box42
\@float@everytoks=\toks28
\@floatcapt=\box43
)
(D:\common\CTEX\MiKTeX\tex\latex\sttools\flushend.sty
Package: flushend 1997/10/01
\@aaa=\box44
\@ccc=\box45
\@viper=\box46
\hold@viper=\box47
\atColsBreak=\toks29
\@extra@skip=\dimen146
\@nd@page@rule=\dimen147
)
(D:\common\CTEX\MiKTeX\tex\latex\amsfonts\amsfonts.sty
Package: amsfonts 2009/06/22 v3.00 Basic AMSFonts support
\symAMSa=\mathgroup7
\symAMSb=\mathgroup8
LaTeX Font Info:    Overwriting math alphabet `\mathfrak' in version `bold'
(Font)                  U/euf/m/n --> U/euf/b/n on input line 96.
)
(D:\common\CTEX\MiKTeX\tex\latex\caption\caption.sty
Package: caption 2011/11/10 v3.2e Customizing captions (AR)

(D:\common\CTEX\MiKTeX\tex\latex\caption\caption3.sty
Package: caption3 2011/11/01 v1.4a caption3 kernel (AR)
\captionmargin=\dimen148
\captionmargin@=\dimen149
\captionwidth=\dimen150
\caption@indent=\dimen151
\caption@parindent=\dimen152
\caption@hangindent=\dimen153
Package caption Info: Unknown document class (or package),
(caption)             standard defaults will be used.
)

Package caption Warning: Unsupported document class (or package) detected,
(caption)                usage of the caption package is not recommended.
See the caption package documentation for explanation.

Package caption Info: \@makecaption = \long macro:#1#2->\ifx \@captype \@IEEEta
blestring \begin {flushleft} \vspace *{5pt} {\vss \color {accessblue}\tablecaph
eadfont #1. \ }{\raggedright \tablecapfont #2\vss }\end {flushleft} \@IEEEtable
captionsepspace \else \@IEEEfigurecaptionsepspace \setbox \@tempboxa \hbox {\st
rut {\color {accessblue}\figcapheadfont #1. \ }\raggedright \figcapfont #2\stru
t }\ifdim \xfigwd >\columnwidth \setbox \@tempboxa \hbox {{\color {accessblue}\
figcapheadfont #1. \ }}\mbox {}\hfill \begin {tabular}{@{}l@{}}\noindent \ragge
dright \unhbox \@tempboxa \figcapfont #2\end {tabular}\hfill \mbox {}\else \set
box \@tempboxa \hbox {{\color {accessblue}\figcapheadfont #1. \ }}{\vss \ragged
right \noindent \unhbox \@tempboxa \figcapfont #2\vss }\fi \fi \vskip 1pt plus 
1pt minus 1pt.
\c@ContinuedFloat=\count120
Package caption Info: float package is loaded.
Package caption Info: longtable package is loaded.
(D:\common\CTEX\MiKTeX\tex\latex\caption\ltcaption.sty
Package: ltcaption 2011/09/12 v1.3 longtable captions (AR)
)
Package caption Info: rotating package is loaded.
)
(D:\common\CTEX\MiKTeX\tex\latex\enumitem\enumitem.sty
Package: enumitem 2011/09/28 v3.5.2 Customized lists
\enitkv@toks@=\toks30
\labelindent=\skip59
\enit@outerparindent=\dimen154
\enit@toks=\toks31
\enit@inbox=\box48
\enitdp@description=\count121
)
(D:\common\CTEX\MiKTeX\tex\latex\supertabular\supertabular.sty
Package: supertabular 2004/02/20 v4.1e the supertabular environment
\c@tracingst=\count122
\ST@wd=\dimen155
\ST@rightskip=\skip60
\ST@leftskip=\skip61
\ST@parfillskip=\skip62
\ST@pageleft=\dimen156
\ST@headht=\dimen157
\ST@tailht=\dimen158
\ST@pagesofar=\dimen159
\ST@pboxht=\dimen160
\ST@lineht=\dimen161
\ST@stretchht=\dimen162
\ST@prevht=\dimen163
\ST@toadd=\dimen164
\ST@dimen=\dimen165
\ST@pbox=\box49
)
(D:\common\CTEX\MiKTeX\tex\latex\subfigure\subfigure.sty
Package: subfigure 2002/07/30 v2.1.4 subfigure package
\subfigtopskip=\skip63
\subfigcapskip=\skip64
\subfigcaptopadj=\dimen166
\subfigbottomskip=\skip65
\subfigcapmargin=\dimen167
\subfiglabelskip=\skip66
\c@subfigure=\count123
\c@lofdepth=\count124
\c@subtable=\count125
\c@lotdepth=\count126

****************************************
* Local config file subfigure.cfg used *
****************************************
(D:\common\CTEX\MiKTeX\tex\latex\subfigure\subfigure.cfg)
\subfig@top=\skip67
\subfig@bottom=\skip68
)
(D:\common\CTEX\MiKTeX\tex\latex\tools\tabularx.sty
Package: tabularx 1999/01/07 v2.07 `tabularx' package (DPC)
\TX@col@width=\dimen168
\TX@old@table=\dimen169
\TX@old@col=\dimen170
\TX@target=\dimen171
\TX@delta=\dimen172
\TX@cols=\count127
\TX@ftn=\toks32
)
(D:\common\CTEX\MiKTeX\tex\latex\booktabs\booktabs.sty
Package: booktabs 2005/04/14 v1.61803 publication quality tables
\heavyrulewidth=\dimen173
\lightrulewidth=\dimen174
\cmidrulewidth=\dimen175
\belowrulesep=\dimen176
\belowbottomsep=\dimen177
\aboverulesep=\dimen178
\abovetopsep=\dimen179
\cmidrulesep=\dimen180
\cmidrulekern=\dimen181
\defaultaddspace=\dimen182
\@cmidla=\count128
\@cmidlb=\count129
\@aboverulesep=\dimen183
\@belowrulesep=\dimen184
\@thisruleclass=\count130
\@lastruleclass=\count131
\@thisrulewidth=\dimen185
)
(D:\common\CTEX\MiKTeX\tex\latex\amsfonts\amssymb.sty
Package: amssymb 2009/06/22 v3.00
)
(D:\common\CTEX\MiKTeX\tex\latex\algorithms\algorithmic.sty
Package: algorithmic 2009/08/24 v0.1 Document Style `algorithmic'
\c@ALC@unique=\count132
\c@ALC@line=\count133
\c@ALC@rem=\count134
\c@ALC@depth=\count135
\ALC@tlm=\skip69
\algorithmicindent=\skip70
)
(D:\common\CTEX\MiKTeX\tex\latex\algorithms\algorithm.sty
Package: algorithm 2009/08/24 v0.1 Document Style `algorithm' - floating enviro
nment
\@float@every@algorithm=\toks33
\c@algorithm=\count136
)
(D:\common\CTEX\MiKTeX\tex\latex\mh\mathtools.sty
Package: mathtools 2011/04/06 v1.11 mathematical typesetting tools

(D:\common\CTEX\MiKTeX\tex\latex\tools\calc.sty
Package: calc 2007/08/22 v4.3 Infix arithmetic (KKT,FJ)
\calc@Acount=\count137
\calc@Bcount=\count138
\calc@Adimen=\dimen186
\calc@Bdimen=\dimen187
\calc@Askip=\skip71
\calc@Bskip=\skip72
LaTeX Info: Redefining \setlength on input line 76.
LaTeX Info: Redefining \addtolength on input line 77.
\calc@Ccount=\count139
\calc@Cskip=\skip73
)
(D:\common\CTEX\MiKTeX\tex\latex\mh\mhsetup.sty
Package: mhsetup 2010/01/21 v1.2a programming setup (MH)
)
\g_MT_multlinerow_int=\count140
\l_MT_multwidth_dim=\dimen188
\origjot=\skip74
\l_MT_shortvdotswithinadjustabove_dim=\dimen189
\l_MT_shortvdotswithinadjustbelow_dim=\dimen190
)
(D:\common\CTEX\MiKTeX\tex\latex\psnfss\pifont.sty
Package: pifont 2005/04/12 PSNFSS-v9.2a Pi font support (SPQR) 
LaTeX Font Info:    Try loading font information for U+pzd on input line 63.

(D:\common\CTEX\MiKTeX\tex\latex\psnfss\upzd.fd
File: upzd.fd 2001/06/04 font definitions for U/pzd.
)
LaTeX Font Info:    Try loading font information for U+psy on input line 64.

(D:\common\CTEX\MiKTeX\tex\latex\psnfss\upsy.fd
File: upsy.fd 2001/06/04 font definitions for U/psy.
))
(D:\common\CTEX\MiKTeX\tex\latex\cases\cases.sty
Package: cases 2002/05/02 ver 2.5 
)
(D:\common\CTEX\MiKTeX\tex\latex\graphics\epsfig.sty
Package: epsfig 1999/02/16 v1.7a (e)psfig emulation (SPQR)
\epsfxsize=\dimen191
\epsfysize=\dimen192
)
("F:\2020ÂØíÂÅá\NNLR\6. IEEEAccess\6. IEEEAccess\IEEEAccess\NNLR_IEEE_Access.au
x")
LaTeX Font Info:    Checking defaults for OML/cmm/m/it on input line 36.
LaTeX Font Info:    ... okay on input line 36.
LaTeX Font Info:    Checking defaults for T1/cmr/m/n on input line 36.
LaTeX Font Info:    ... okay on input line 36.
LaTeX Font Info:    Checking defaults for OT1/cmr/m/n on input line 36.
LaTeX Font Info:    ... okay on input line 36.
LaTeX Font Info:    Checking defaults for OMS/cmsy/m/n on input line 36.
LaTeX Font Info:    ... okay on input line 36.
LaTeX Font Info:    Checking defaults for OMX/cmex/m/n on input line 36.
LaTeX Font Info:    ... okay on input line 36.
LaTeX Font Info:    Checking defaults for U/cmr/m/n on input line 36.
LaTeX Font Info:    ... okay on input line 36.

-- Lines per column: 56 (exact).
LaTeX Font Info:    Try loading font information for T1+ptm on input line 36.
(D:\common\CTEX\MiKTeX\tex\latex\psnfss\t1ptm.fd
File: t1ptm.fd 2001/06/04 font definitions for T1/ptm.
)

LaTeX Font Warning: Font shape `T1/ptm/n/n' undefined
(Font)              using `T1/ptm/m/n' instead on input line 36.

(D:\common\CTEX\MiKTeX\tex\context\base\supp-pdf.mkii
[Loading MPS to PDF converter (version 2006.09.02).]
\scratchcounter=\count141
\scratchdimen=\dimen193
\scratchbox=\box50
\nofMPsegments=\count142
\nofMParguments=\count143
\everyMPshowfont=\toks34
\MPscratchCnt=\count144
\MPscratchDim=\dimen194
\MPnumerator=\count145
\makeMPintoPDFobject=\count146
\everyMPtoPDFconversion=\toks35
)
Package caption Info: Begin \AtBeginDocument code.
Package caption Info: subfigure package is loaded.
Package caption Info: supertabular package is loaded.
Package caption Info: End \AtBeginDocument code.
 <bullet.png, id=3, 12.045pt x 35.38219pt>
File: bullet.png Graphic file (type png)
 <use bullet.png>
Package pdftex.def Info: bullet.png used on input line 61.
(pdftex.def)             Requested size: 5.0pt x 14.6871pt.
LaTeX Font Info:    Try loading font information for T1+phv on input line 61.

(D:\common\CTEX\MiKTeX\tex\latex\psnfss\t1phv.fd
File: t1phv.fd 2001/06/04 scalable font definitions for T1/phv.
)

LaTeX Font Warning: Font shape `T1/phv/n/n' undefined
(Font)              using `T1/phv/m/n' instead on input line 61.

File: bullet.png Graphic file (type png)
<use bullet.png>
Package pdftex.def Info: bullet.png used on input line 65.
(pdftex.def)             Requested size: 5.0pt x 14.6871pt.
LaTeX Font Info:    Calculating math sizes for size <9.9> on input line 71.
LaTeX Font Info:    Try loading font information for U+msa on input line 71.
 (D:\common\CTEX\MiKTeX\tex\latex\amsfonts\umsa.fd
File: umsa.fd 2009/06/22 v3.00 AMS symbols A
)
LaTeX Font Info:    Try loading font information for U+msb on input line 71.

(D:\common\CTEX\MiKTeX\tex\latex\amsfonts\umsb.fd
File: umsb.fd 2009/06/22 v3.00 AMS symbols B
)
LaTeX Font Info:    Calculating math sizes for size <6.6> on input line 71.

Overfull \hbox (9.2679pt too wide) in paragraph at lines 71--71
[]  
 []


Overfull \hbox (9.2679pt too wide) in paragraph at lines 71--71
[]  
 []

LaTeX Font Info:    Font shape `T1/ptm/bx/n' in size <10> not available
(Font)              Font shape `T1/ptm/b/n' tried instead on input line 74.
<Logo.png, id=4, 206.27063pt x 53.44969pt>
File: Logo.png Graphic file (type png)
 <use Logo.png>
Package pdftex.def Info: Logo.png used on input line 83.
(pdftex.def)             Requested size: 91.32pt x 23.66309pt.

Overfull \hbox (505.12177pt too wide) has occurred while \output is active
[]
 []


Overfull \hbox (505.12177pt too wide) has occurred while \output is active
[]
 []


Overfull \hbox (505.12177pt too wide) has occurred while \output is active
[]
 []


Underfull \hbox (badness 10000) has occurred while \output is active
[]
 []

[1


 <F:/2020ÂØíÂÅá/NNLR/6. IEEEAccess/6. IEEEAccess/IEEEAccess/Logo.png> <F:/2020Â
ØíÂÅá/NNLR/6. IEEEAccess/6. IEEEAccess/IEEEAccess/bullet.png>]
Overfull \hbox (1.52643pt too wide) in paragraph at lines 106--128
 [] 
 []

<notaglineLogo.png, id=14, 169.38281pt x 42.91031pt>
File: notaglineLogo.png Graphic file (type png)
 <use notaglineLogo.png>
Package pdftex.def Info: notaglineLogo.png used on input line 149.
(pdftex.def)             Requested size: 91.32pt x 23.1352pt.

Overfull \hbox (505.12177pt too wide) has occurred while \output is active
[]
 []


Overfull \hbox (505.12177pt too wide) has occurred while \output is active
[]
 []


Underfull \hbox (badness 10000) has occurred while \output is active
[]
 []

[2 <F:/2020ÂØíÂÅá/NNLR/6. IEEEAccess/6. IEEEAccess/IEEEAccess/notaglineLogo.png
>]
File: notaglineLogo.png Graphic file (type png)
 <use notaglineLogo.png>
Package pdftex.def Info: notaglineLogo.png used on input line 212.
(pdftex.def)             Requested size: 91.32pt x 23.1352pt.

Overfull \hbox (505.12177pt too wide) has occurred while \output is active
[]
 []


Overfull \hbox (505.12177pt too wide) has occurred while \output is active
[]
 []


Underfull \hbox (badness 10000) has occurred while \output is active
[]
 []

[3]
Underfull \hbox (badness 10000) in paragraph at lines 280--282

 []


Underfull \vbox (badness 1009) has occurred while \output is active []

File: notaglineLogo.png Graphic file (type png)

<use notaglineLogo.png>
Package pdftex.def Info: notaglineLogo.png used on input line 326.
(pdftex.def)             Requested size: 91.32pt x 23.1352pt.

Overfull \hbox (505.12177pt too wide) has occurred while \output is active
[]
 []


Overfull \hbox (505.12177pt too wide) has occurred while \output is active
[]
 []


Underfull \hbox (badness 10000) has occurred while \output is active
[]
 []

[4] <dataset.pdf, id=34, 897.86963pt x 174.18425pt>
File: dataset.pdf Graphic file (type pdf)
 <use dataset.pdf>
Package pdftex.def Info: dataset.pdf used on input line 331.
(pdftex.def)             Requested size: 455.24408pt x 88.31715pt.
File: notaglineLogo.png Graphic file (type png)

<use notaglineLogo.png>
Package pdftex.def Info: notaglineLogo.png used on input line 443.
(pdftex.def)             Requested size: 91.32pt x 23.1352pt.

Overfull \hbox (505.12177pt too wide) has occurred while \output is active
[]
 []


Overfull \hbox (505.12177pt too wide) has occurred while \output is active
[]
 []


Underfull \hbox (badness 10000) has occurred while \output is active
[]
 []

[5]

pdfTeX warning: pdflatex.exe (file F:/2020ÂØíÂÅá/NNLR/6. IEEEAccess/6. IEEEAcce
ss/IEEEAccess/single_view.pdf): PDF inclusion: found PDF version <1.6>, but at 
most version <1.5> allowed
<single_view.pdf, id=40, 370.52095pt x 295.3961pt>
File: single_view.pdf Graphic file (type pdf)
 <use single_view.pdf>
Package pdftex.def Info: single_view.pdf used on input line 451.
(pdftex.def)             Requested size: 227.62204pt x 181.47145pt.

<multi_view.pdf, id=41, 367.60417pt x 294.66609pt>
File: multi_view.pdf Graphic file (type pdf)
 <use multi_view.pdf>
Package pdftex.def Info: multi_view.pdf used on input line 458.
(pdftex.def)             Requested size: 227.62204pt x 182.46176pt.

<dimension_time.pdf, id=42, 373.80342pt x 296.48988pt>
File: dimension_time.pdf Graphic file (type pdf)

<use dimension_time.pdf>
Package pdftex.def Info: dimension_time.pdf used on input line 633.
(pdftex.def)             Requested size: 227.62204pt x 180.54185pt.
File: notaglineLogo.png Graphic file (type png)
 <use notaglineLogo.png>
Package pdftex.def Info: notaglineLogo.png used on input line 642.
(pdftex.def)             Requested size: 91.32pt x 23.1352pt.

Overfull \hbox (505.12177pt too wide) has occurred while \output is active
[]
 []


Overfull \hbox (505.12177pt too wide) has occurred while \output is active
[]
 []


Underfull \hbox (badness 10000) has occurred while \output is active
[]
 []

[6 <F:/2020ÂØíÂÅá/NNLR/6. IEEEAccess/6. IEEEAccess/IEEEAccess/dataset.pdf> <F:/
2020ÂØíÂÅá/NNLR/6. IEEEAccess/6. IEEEAccess/IEEEAccess/single_view.pdf> <F:/202
0ÂØíÂÅá/NNLR/6. IEEEAccess/6. IEEEAccess/IEEEAccess/multi_view.pdf>]
Underfull \vbox (badness 10000) has occurred while \output is active []


Underfull \vbox (badness 10000) has occurred while \output is active []

File: notaglineLogo.png Graphic file (type png)

<use notaglineLogo.png>
Package pdftex.def Info: notaglineLogo.png used on input line 645.
(pdftex.def)             Requested size: 91.32pt x 23.1352pt.

Overfull \hbox (505.12177pt too wide) has occurred while \output is active
[]
 []


Overfull \hbox (505.12177pt too wide) has occurred while \output is active
[]
 []


Underfull \hbox (badness 10000) has occurred while \output is active
[]
 []

[7]
Underfull \vbox (badness 2762) has occurred while \output is active []


("F:\2020ÂØíÂÅá\NNLR\6. IEEEAccess\6. IEEEAccess\IEEEAccess\NNLR_IEEE_Access.bb
l"

LaTeX Font Warning: Font shape `T1/ptm/n/it' undefined
(Font)              using `T1/ptm/n/n' instead on input line 26.

File: notaglineLogo.png Graphic file (type png)
<use notaglineLogo.png>
Package pdftex.def Info: notaglineLogo.png used on input line 109.
(pdftex.def)             Requested size: 91.32pt x 23.1352pt.

Overfull \hbox (505.12177pt too wide) has occurred while \output is active
[]
 []


Overfull \hbox (505.12177pt too wide) has occurred while \output is active
[]
 []


Underfull \hbox (badness 10000) has occurred while \output is active
[]
 []

[8 <F:/2020ÂØíÂÅá/NNLR/6. IEEEAccess/6. IEEEAccess/IEEEAccess/dimension_time.pd
f>])
File: bullet.png Graphic file (type png)
 <use bullet.png>
Package pdftex.def Info: bullet.png used on input line 717.
(pdftex.def)             Requested size: 5.0pt x 14.6871pt.
Extra height:12.0pt when 205.0pt
Extra height:12.0pt when 206.0pt
Extra height:12.0pt when 207.0pt
Extra height:12.0pt when 208.0pt

Underfull \vbox (badness 1189) has occurred while \output is active []

Extra height:12.0pt when 209.0pt
Extra height:0.0pt when 210.0pt
(2)Left:210.0pt Right:203.0pt Output:210.0pt
- LAST -
Extra skip:0.0pt
Left:210.0pt
Right:203.0pt
Output:210.0pt
File: notaglineLogo.png Graphic file (type png)

<use notaglineLogo.png>
Package pdftex.def Info: notaglineLogo.png used on input line 719.
(pdftex.def)             Requested size: 91.32pt x 23.1352pt.

Overfull \hbox (505.12177pt too wide) has occurred while \output is active
[]
 []


Overfull \hbox (505.12177pt too wide) has occurred while \output is active
[]
 []


Underfull \hbox (badness 10000) has occurred while \output is active
[]
 []

[9

]
("F:\2020ÂØíÂÅá\NNLR\6. IEEEAccess\6. IEEEAccess\IEEEAccess\NNLR_IEEE_Access.au
x")

LaTeX Font Warning: Some font shapes were not available, defaults substituted.

 ) 
Here is how much of TeX's memory you used:
 6743 strings out of 495354
 101120 string characters out of 3183468
 191316 words of memory out of 3000000
 9708 multiletter control sequences out of 15000+200000
 96611 words of font info for 151 fonts, out of 3000000 for 9000
 14 hyphenation exceptions out of 8191
 53i,13n,92p,1174b,490s stack positions out of 5000i,500n,10000p,200000b,50000s
{D:/common/CTEX/MiKTeX/fonts/enc/dvips/fontname/8r.enc}<D:/common/CTEX/MiKTeX
/fonts/type1/public/amsfonts/cm/cmex10.pfb><D:/common/CTEX/MiKTeX/fonts/type1/p
ublic/amsfonts/cm/cmmi10.pfb><D:/common/CTEX/MiKTeX/fonts/type1/public/amsfonts
/cm/cmmi5.pfb><D:/common/CTEX/MiKTeX/fonts/type1/public/amsfonts/cm/cmmi6.pfb><
D:/common/CTEX/MiKTeX/fonts/type1/public/amsfonts/cm/cmmi7.pfb><D:/common/CTEX/
MiKTeX/fonts/type1/public/amsfonts/cm/cmmi8.pfb><D:/common/CTEX/MiKTeX/fonts/ty
pe1/public/amsfonts/cm/cmr10.pfb><D:/common/CTEX/MiKTeX/fonts/type1/public/amsf
onts/cm/cmr7.pfb><D:/common/CTEX/MiKTeX/fonts/type1/public/amsfonts/cm/cmsy10.p
fb><D:/common/CTEX/MiKTeX/fonts/type1/public/amsfonts/cm/cmsy5.pfb><D:/common/C
TEX/MiKTeX/fonts/type1/public/amsfonts/cm/cmsy7.pfb><D:/common/CTEX/MiKTeX/font
s/type1/public/amsfonts/cm/cmsy8.pfb><D:/common/CTEX/MiKTeX/fonts/type1/urw/hel
vetic/uhvb8a.pfb><D:/common/CTEX/MiKTeX/fonts/type1/urw/helvetic/uhvbo8a.pfb><D
:/common/CTEX/MiKTeX/fonts/type1/urw/helvetic/uhvr8a.pfb><D:/common/CTEX/MiKTeX
/fonts/type1/urw/times/utmb8a.pfb><D:/common/CTEX/MiKTeX/fonts/type1/urw/times/
utmr8a.pfb><D:/common/CTEX/MiKTeX/fonts/type1/urw/times/utmri8a.pfb>
Output written on NNLR_IEEE_Access.pdf (9 pages, 445264 bytes).
PDF statistics:
 166 PDF objects out of 1000 (max. 8388607)
 0 named destinations out of 1000 (max. 500000)
 44 words of extra memory for PDF output out of 10000 (max. 10000000)

